android-demo/build/intermediates/manifest_merge_blame_file/debug/processDebugMainManifest/manifest-merger-blame-debug-report.txt
1<?xml version="1.0" encoding="utf-8"?>
2<manifest xmlns:android="http://schemas.android.com/apk/res/android"
3    package="com.elad.halacha.demo"
4    android:versionCode="1"
5    android:versionName="0.1.0" >
6
7    <uses-sdk
8        android:minSdkVersion="26"
9        android:targetSdkVersion="34" />
10
11    <permission
11-->[androidx.core:core:1.13.1] AndroidManifest.xml:22:5-24:47
12        android:name="com.elad.halacha.demo.DYNAMIC_RECEIVER_NOT_EXPORTED_PERMISSION"
12-->[androidx.core:core:1.13.1] AndroidManifest.xml:23:9-81
13        android:protectionLevel="signature" />
13-->[androidx.core:core:1.13.1] AndroidManifest.xml:24:9-44
14
15    <uses-permission android:name="com.elad.halacha.demo.DYNAMIC_RECEIVER_NOT_EXPORTED_PERMISSION" />
15-->[androidx.core:core:1.13.1] AndroidManifest.xml:26:5-97
15-->[androidx.core:core:1.13.1] AndroidManifest.xml:26:22-94
16
17    <application
17-->src/main/AndroidManifest.xml:2:5-61
18        android:appComponentFactory="androidx.core.app.CoreComponentFactory"
18-->[androidx.core:core:1.13.1] AndroidManifest.xml:28:18-86
19        android:debuggable="true"
20        android:extractNativeLibs="false"
21        android:label="Halacha Demo" >
21-->src/main/AndroidManifest.xml:2:18-46
22        <provider
22-->[androidx.emoji2:emoji2:1.3.0] AndroidManifest.xml:24:9-32:20
23            android:name="androidx.startup.InitializationProvider"
23-->[androidx.emoji2:emoji2:1.3.0] AndroidManifest.xml:25:13-67
24            android:authorities="com.elad.halacha.demo.androidx-startup"
24-->[androidx.emoji2:emoji2:1.3.0] AndroidManifest.xml:26:13-68
25            android:exported="false" >
25-->[androidx.emoji2:emoji2:1.3.0] AndroidManifest.xml:27:13-37
26            <meta-data
26-->[androidx.emoji2:emoji2:1.3.0] AndroidManifest.xml:29:13-31:52
27                android:name="androidx.emoji2.text.EmojiCompatInitializer"
27-->[androidx.emoji2:emoji2:1.3.0] AndroidManifest.xml:30:17-75
28                android:value="androidx.startup" />
28-->[androidx.emoji2:emoji2:1.3.0] AndroidManifest.xml:31:17-49
29            <meta-data
29-->[androidx.lifecycle:lifecycle-process:2.8.3] AndroidManifest.xml:29:13-31:52
30                android:name="androidx.lifecycle.ProcessLifecycleInitializer"
30-->[androidx.lifecycle:lifecycle-process:2.8.3] AndroidManifest.xml:30:17-78
31                android:value="androidx.startup" />
31-->[androidx.lifecycle:lifecycle-process:2.8.3] AndroidManifest.xml:31:17-49
32            <meta-data
32-->[androidx.profileinstaller:profileinstaller:1.3.1] AndroidManifest.xml:29:13-31:52
33                android:name="androidx.profileinstaller.ProfileInstallerInitializer"
33-->[androidx.profileinstaller:profileinstaller:1.3.1] AndroidManifest.xml:30:17-85
34                android:value="androidx.startup" />
34-->[androidx.profileinstaller:profileinstaller:1.3.1] AndroidManifest.xml:31:17-49
35        </provider>
36
37        <receiver
37-->[androidx.profileinstaller:profileinstaller:1.3.1] AndroidManifest.xml:34:9-52:20
38            android:name="androidx.profileinstaller.ProfileInstallReceiver"
38-->[androidx.profileinstaller:profileinstaller:1.3.1] AndroidManifest.xml:35:13-76
39            android:directBootAware="false"
39-->[androidx.profileinstaller:profileinstaller:1.3.1] AndroidManifest.xml:36:13-44
40            android:enabled="true"
40-->[androidx.profileinstaller:profileinstaller:1.3.1] AndroidManifest.xml:37:13-35
41            android:exported="true"
41-->[androidx.profileinstaller:profileinstaller:1.3.1] AndroidManifest.xml:38:13-36
42            android:permission="android.permission.DUMP" >
42-->[androidx.profileinstaller:profileinstaller:1.3.1] AndroidManifest.xml:39:13-57
43            <intent-filter>
43-->[androidx.profileinstaller:profileinstaller:1.3.1] AndroidManifest.xml:40:13-42:29
44                <action android:name="androidx.profileinstaller.action.INSTALL_PROFILE" />
44-->[androidx.profileinstaller:profileinstaller:1.3.1] AndroidManifest.xml:41:17-91
44-->[androidx.profileinstaller:profileinstaller:1.3.1] AndroidManifest.xml:41:25-88
45            </intent-filter>
46            <intent-filter>
46-->[androidx.profileinstaller:profileinstaller:1.3.1] AndroidManifest.xml:43:13-45:29
47                <action android:name="androidx.profileinstaller.action.SKIP_FILE" />
47-->[androidx.profileinstaller:profileinstaller:1.3.1] AndroidManifest.xml:44:17-85
47-->[androidx.profileinstaller:profileinstaller:1.3.1] AndroidManifest.xml:44:25-82
48            </intent-filter>
49            <intent-filter>
49-->[androidx.profileinstaller:profileinstaller:1.3.1] AndroidManifest.xml:46:13-48:29
50                <action android:name="androidx.profileinstaller.action.SAVE_PROFILE" />
50-->[androidx.profileinstaller:profileinstaller:1.3.1] AndroidManifest.xml:47:17-88
50-->[androidx.profileinstaller:profileinstaller:1.3.1] AndroidManifest.xml:47:25-85
51            </intent-filter>
52            <intent-filter>
52-->[androidx.profileinstaller:profileinstaller:1.3.1] AndroidManifest.xml:49:13-51:29
53                <action android:name="androidx.profileinstaller.action.BENCHMARK_OPERATION" />
53-->[androidx.profileinstaller:profileinstaller:1.3.1] AndroidManifest.xml:50:17-95
53-->[androidx.profileinstaller:profileinstaller:1.3.1] AndroidManifest.xml:50:25-92
54            </intent-filter>
55        </receiver>
56    </application>
57
58</manifest>